  work.cpp
E:\计算机语言相关\C\VS\VSgit\项目最终版\work.cpp(38,20): warning C4477: “fprintf”: 格式字符串“%-10s”需要类型“char *”的参数，但可变参数 2 拥有了类型“TCHAR *”
      E:\计算机语言相关\C\VS\VSgit\项目最终版\work.cpp(38,20):
      请考虑在格式字符串中使用“%ls”
      E:\计算机语言相关\C\VS\VSgit\项目最终版\work.cpp(38,20):
      请考虑在格式字符串中使用“%lls”
      E:\计算机语言相关\C\VS\VSgit\项目最终版\work.cpp(38,20):
      请考虑在格式字符串中使用“%Ls”
      E:\计算机语言相关\C\VS\VSgit\项目最终版\work.cpp(38,20):
      请考虑在格式字符串中使用“%ws”
  
E:\计算机语言相关\C\VS\VSgit\项目最终版\work.cpp(61,31): warning C4477: “fscanf”: 格式字符串“%s”需要类型“char *”的参数，但可变参数 2 拥有了类型“TCHAR *”
      E:\计算机语言相关\C\VS\VSgit\项目最终版\work.cpp(61,31):
      请考虑在格式字符串中使用“%ls”
      E:\计算机语言相关\C\VS\VSgit\项目最终版\work.cpp(61,31):
      请考虑在格式字符串中使用“%lls”
      E:\计算机语言相关\C\VS\VSgit\项目最终版\work.cpp(61,31):
      请考虑在格式字符串中使用“%Ls”
      E:\计算机语言相关\C\VS\VSgit\项目最终版\work.cpp(61,31):
      请考虑在格式字符串中使用“%ws”
  
E:\计算机语言相关\C\VS\VSgit\项目最终版\work.cpp(175,10): warning C4477: “printf”: 格式字符串“%-10s”需要类型“char *”的参数，但可变参数 2 拥有了类型“TCHAR *”
      E:\计算机语言相关\C\VS\VSgit\项目最终版\work.cpp(175,10):
      请考虑在格式字符串中使用“%ls”
      E:\计算机语言相关\C\VS\VSgit\项目最终版\work.cpp(175,10):
      请考虑在格式字符串中使用“%lls”
      E:\计算机语言相关\C\VS\VSgit\项目最终版\work.cpp(175,10):
      请考虑在格式字符串中使用“%Ls”
      E:\计算机语言相关\C\VS\VSgit\项目最终版\work.cpp(175,10):
      请考虑在格式字符串中使用“%ws”
  
E:\计算机语言相关\C\VS\VSgit\项目最终版\work.cpp(233,10): warning C4477: “printf”: 格式字符串“%-10s”需要类型“char *”的参数，但可变参数 2 拥有了类型“TCHAR *”
      E:\计算机语言相关\C\VS\VSgit\项目最终版\work.cpp(233,10):
      请考虑在格式字符串中使用“%ls”
      E:\计算机语言相关\C\VS\VSgit\项目最终版\work.cpp(233,10):
      请考虑在格式字符串中使用“%lls”
      E:\计算机语言相关\C\VS\VSgit\项目最终版\work.cpp(233,10):
      请考虑在格式字符串中使用“%Ls”
      E:\计算机语言相关\C\VS\VSgit\项目最终版\work.cpp(233,10):
      请考虑在格式字符串中使用“%ws”
  
E:\计算机语言相关\C\VS\VSgit\项目最终版\work.cpp(276,10): warning C4477: “printf”: 格式字符串“%-10s”需要类型“char *”的参数，但可变参数 2 拥有了类型“TCHAR *”
      E:\计算机语言相关\C\VS\VSgit\项目最终版\work.cpp(276,10):
      请考虑在格式字符串中使用“%ls”
      E:\计算机语言相关\C\VS\VSgit\项目最终版\work.cpp(276,10):
      请考虑在格式字符串中使用“%lls”
      E:\计算机语言相关\C\VS\VSgit\项目最终版\work.cpp(276,10):
      请考虑在格式字符串中使用“%Ls”
      E:\计算机语言相关\C\VS\VSgit\项目最终版\work.cpp(276,10):
      请考虑在格式字符串中使用“%ws”
  
E:\计算机语言相关\C\VS\VSgit\项目最终版\work.cpp(18,1): warning C4715: “change_T”: 不是所有的控件路径都返回值
  项目最终版.vcxproj -> E:\计算机语言相关\C\VS\VSgit\项目最终版\x64\Debug\项目最终版.exe
